<?xml version="1.0" encoding="UTF-8"?>
<!-- Generated by org.testng.reporters.JUnitReportReporter -->
<testsuite hostname="SeenaReddy" failures="0" tests="1" name="com.testscenarios.AutoTestDataGenreate" time="1.215" errors="0" timestamp="2025-04-18T06:25:42 MDT" skipped="0">
  <testcase classname="com.testscenarios.AutoTestDataGenreate" name="f" time="1.215"/>
</testsuite> <!-- com.testscenarios.AutoTestDataGenreate -->
