<?xml version="1.0" encoding="UTF-8"?>
<!-- Generated by org.testng.reporters.JUnitReportReporter -->
<testsuite hostname="SeenaReddy" failures="0" tests="1" name="com.testscenarios.DB_ConnectionDemo" time="0.510" errors="0" timestamp="2025-04-14T06:39:39 MDT" skipped="0">
  <testcase classname="com.testscenarios.DB_ConnectionDemo" name="f" time="0.510"/>
</testsuite> <!-- com.testscenarios.DB_ConnectionDemo -->
