<?xml version="1.0" encoding="UTF-8"?>
<!-- Generated by org.testng.reporters.JUnitReportReporter -->
<testsuite hostname="SeenaReddy" failures="0" tests="1" name="com.testscenarios.FB" time="8.375" errors="0" timestamp="2025-03-28T06:28:23 MDT" skipped="0">
  <testcase classname="com.testscenarios.FB" name="fblogin" time="8.375"/>
</testsuite> <!-- com.testscenarios.FB -->
