<?xml version="1.0" encoding="UTF-8"?>
<!-- Generated by org.testng.reporters.JUnitReportReporter -->
<testsuite hostname="DESKTOP-MHN165I" failures="0" tests="1" name="com.testscenarios.Hybridframework_Testcase5" time="10.968" errors="0" timestamp="2025-03-31T11:08:22 BST" skipped="0">
  <testcase classname="com.testscenarios.Hybridframework_Testcase5" name="rigisteruserwithexistingemail" time="10.968"/>
</testsuite> <!-- com.testscenarios.Hybridframework_Testcase5 -->
