<?xml version="1.0" encoding="UTF-8"?>
<!-- Generated by org.testng.reporters.JUnitReportReporter -->
<testsuite hostname="DESKTOP-MHN165I" failures="0" tests="1" name="com.testscenarios.Autotestdata_com" time="22.030" errors="0" timestamp="2025-03-30T17:17:07 BST" skipped="0">
  <testcase classname="com.testscenarios.Autotestdata_com" name="f" time="22.030"/>
</testsuite> <!-- com.testscenarios.Autotestdata_com -->
