<?xml version="1.0" encoding="UTF-8"?>
<!-- Generated by org.testng.reporters.JUnitReportReporter -->
<testsuite hostname="SeenaReddy" failures="0" tests="1" name="com.testscenarios.GetAllWebelementsonCurrentPage" time="93.612" errors="0" timestamp="2025-04-03T06:44:52 MDT" skipped="0">
  <testcase classname="com.testscenarios.GetAllWebelementsonCurrentPage" name="f" time="93.612"/>
</testsuite> <!-- com.testscenarios.GetAllWebelementsonCurrentPage -->
