<?xml version="1.0" encoding="UTF-8"?>
<!-- Generated by org.testng.reporters.JUnitReportReporter -->
<testsuite hostname="DESKTOP-BMV8G51" failures="0" tests="1" name="com.testscenarios.AssignmentXpath" time="5.972" errors="0" timestamp="2025-04-04T18:54:27 BST" skipped="0">
  <testcase classname="com.testscenarios.AssignmentXpath" name="f" time="5.972"/>
</testsuite> <!-- com.testscenarios.AssignmentXpath -->
