<?xml version="1.0" encoding="UTF-8"?>
<!-- Generated by org.testng.reporters.JUnitReportReporter -->
<testsuite hostname="SeenaReddy" failures="0" tests="1" name="com.testscenarios.AutoTestDataGenreate" time="1.282" errors="0" timestamp="2025-03-28T06:34:47 MDT" skipped="0">
  <testcase classname="com.testscenarios.AutoTestDataGenreate" name="f" time="1.282"/>
</testsuite> <!-- com.testscenarios.AutoTestDataGenreate -->
