<?xml version="1.0" encoding="UTF-8"?>
<!-- Generated by org.testng.reporters.JUnitReportReporter -->
<testsuite hostname="DONAVALLI" failures="0" tests="1" name="com.testscenarios.GetAllWebementsOnTheCurrentPage" time="31.642" errors="0" timestamp="2025-04-08T22:52:35 IST" skipped="0">
  <testcase classname="com.testscenarios.GetAllWebementsOnTheCurrentPage" name="f" time="31.642"/>
</testsuite> <!-- com.testscenarios.GetAllWebementsOnTheCurrentPage -->
