<?xml version="1.0" encoding="UTF-8"?>
<!-- Generated by org.testng.reporters.JUnitReportReporter -->
<testsuite hostname="SeenaReddy" failures="0" tests="1" name="com.testscenarios.NewTest" time="4.635" errors="0" timestamp="2025-04-01T06:39:05 MDT" skipped="0">
  <testcase classname="com.testscenarios.NewTest" name="f" time="4.635"/>
</testsuite> <!-- com.testscenarios.NewTest -->
