<?xml version="1.0" encoding="UTF-8"?>
<!-- Generated by org.testng.reporters.JUnitReportReporter -->
<testsuite hostname="DESKTOP-9Q5D2EJ" failures="0" tests="1" name="com.testscenarios.TestCase1_Register_user" time="2.750" errors="0" timestamp="2025-04-02T02:28:41 GMT-04:00" skipped="0">
  <testcase classname="com.testscenarios.TestCase1_Register_user" name="f" time="2.750"/>
</testsuite> <!-- com.testscenarios.TestCase1_Register_user -->
