<?xml version="1.0" encoding="UTF-8"?>
<!-- Generated by org.testng.reporters.JUnitReportReporter -->
<testsuite hostname="DONAVALLI" failures="0" tests="1" name="com.testscenarios.TestCase3_LoginUserWithIncorrectEmailAndPassword" time="44.136" errors="0" timestamp="2025-04-01T19:23:57 IST" skipped="0">
  <testcase classname="com.testscenarios.TestCase3_LoginUserWithIncorrectEmailAndPassword" name="TestCase3" time="44.136"/>
</testsuite> <!-- com.testscenarios.TestCase3_LoginUserWithIncorrectEmailAndPassword -->
