<?xml version="1.0" encoding="UTF-8"?>
<!-- Generated by org.testng.reporters.JUnitReportReporter -->
<testsuite hostname="SeenaReddy" failures="0" tests="1" name="com.testscenarios.AutoTestDataGenreate" time="0.384" errors="0" timestamp="2025-03-29T06:18:08 MDT" skipped="0">
  <testcase classname="com.testscenarios.AutoTestDataGenreate" name="f" time="0.384"/>
</testsuite> <!-- com.testscenarios.AutoTestDataGenreate -->
