<?xml version="1.0" encoding="UTF-8"?>
<!-- Generated by org.testng.reporters.JUnitReportReporter -->
<testsuite hostname="DESKTOP-MHN165I" failures="0" tests="1" name="com.testscenarios.Framework_Automationexcersise" time="21.231" errors="0" timestamp="2025-03-28T12:25:42 GMT" skipped="0">
  <testcase classname="com.testscenarios.Framework_Automationexcersise" name="practiceautomation" time="21.231"/>
</testsuite> <!-- com.testscenarios.Framework_Automationexcersise -->
