<?xml version="1.0" encoding="UTF-8"?>
<!-- Generated by org.testng.reporters.JUnitReportReporter -->
<testsuite hostname="SeenaReddy" failures="0" tests="1" name="com.testscenarios.FB_loginWithDBcredentails" time="3.009" errors="0" timestamp="2025-04-14T06:45:02 MDT" skipped="0">
  <testcase classname="com.testscenarios.FB_loginWithDBcredentails" name="f" time="3.009"/>
</testsuite> <!-- com.testscenarios.FB_loginWithDBcredentails -->
