<?xml version="1.0" encoding="UTF-8"?>
<!-- Generated by org.testng.reporters.JUnitReportReporter -->
<testsuite hostname="SeenaReddy" failures="0" tests="1" name="com.testscenarios.TC2_LoginUserwithcorrectemailandpassword" time="67.130" errors="0" timestamp="2025-04-18T06:25:42 MDT" skipped="0">
  <testcase classname="com.testscenarios.TC2_LoginUserwithcorrectemailandpassword" name="loginUserwithcorrectemailandpassword" time="67.130"/>
</testsuite> <!-- com.testscenarios.TC2_LoginUserwithcorrectemailandpassword -->
